C51 COMPILER V9.54   LED                                                                   08/03/2022 19:30:45 PAGE 1   


C51 COMPILER V9.54, COMPILATION OF MODULE LED
OBJECT MODULE PLACED IN ..\Obj\led.obj
COMPILER INVOKED BY: D:\Keil_v5\C51\BIN\C51.EXE ..\Hardware\LED\led.c OPTIMIZE(8,SPEED) BROWSE INCDIR(..\Fwlib;..\User;.
                    -.\RTOS;..\Hardware\LED) DEBUG OBJECTEXTEND PRINT(.\Listings\led.lst) OBJECT(..\Obj\led.obj)

line level    source

   1          #include "led.h"
   2          
   3          #include "delay.h"
   4          #include "GPIO.h"
   5          
   6          static void LED_GPIO_Config(void)
   7          {
   8   1              GPIO_InitTypeDef GPIO_InitStructure;
   9   1              
  10   1              GPIO_InitStructure.Mode = GPIO_OUT_PP;  // 普通推挽输出
  11   1              GPIO_InitStructure.Pin = LED_0_GPIO_Pin|LED_1_GPIO_Pin;  // P4.5 P4.6
  12   1              GPIO_Inilize(LED_GPIO_Port, &GPIO_InitStructure);
  13   1              
  14   1              // 熄灭所有LED
  15   1              LED(0) = LED_OFF; LED(1) = LED_OFF;
  16   1      }
  17          
  18          void LED_Init(void)
  19          {
  20   1              LED_GPIO_Config();
  21   1      }


MODULE INFORMATION:   STATIC OVERLAYABLE
   CODE SIZE        =     25    ----
   CONSTANT SIZE    =   ----    ----
   XDATA SIZE       =   ----    ----
   PDATA SIZE       =   ----    ----
   DATA SIZE        =   ----       2
   IDATA SIZE       =   ----    ----
   BIT SIZE         =   ----    ----
END OF MODULE INFORMATION.


C51 COMPILATION COMPLETE.  0 WARNING(S),  0 ERROR(S)
